[30jun2024 02:10:23.870] [main/INFO] [cpw.mods.modlauncher.Launcher/MODLAUNCHER]: ModLauncher running: args [--launchTarget, forgeserver, --fml.neoForgeVersion, 21.0.42-beta, --fml.fmlVersion, 4.0.6, --fml.mcVersion, 1.21, --fml.neoFormVersion, 20240613.152323]
[30jun2024 02:10:23.886] [main/INFO] [cpw.mods.modlauncher.Launcher/MODLAUNCHER]: JVM identified as Oracle Corporation Java HotSpot(TM) 64-Bit Server VM 22.0.1+8-16
[30jun2024 02:10:23.892] [main/INFO] [cpw.mods.modlauncher.Launcher/MODLAUNCHER]: ModLauncher 11.0.3+main.0f24dec3 starting: java version 22.0.1 by Oracle Corporation; OS Windows 11 arch amd64 version 10.0
[30jun2024 02:10:24.368] [main/INFO] [net.neoforged.fml.loading.ImmediateWindowHandler/]: ImmediateWindowProvider not loading because launch target is forgeserver
[30jun2024 02:10:24.514] [main/INFO] [mixin/]: SpongePowered MIXIN Subsystem Version=0.8.5 Source=union:/C:/Users/italo/OneDrive/Escritorio/Italo/Minecraft/Server/libraries/net/fabricmc/sponge-mixin/0.13.4+mixin.0.8.5/sponge-mixin-0.13.4+mixin.0.8.5.jar%2375!/ Service=ModLauncher Env=SERVER
[30jun2024 02:10:24.904] [main/INFO] [net.neoforged.fml.loading.moddiscovery.ModDiscoverer/SCAN]: Found mod file "server-1.21-20240613.152323-srg.jar" [locator: production server provider +net.neoforged:neoforge:21.0.42-beta:server]
[30jun2024 02:10:24.934] [main/INFO] [net.neoforged.fml.loading.moddiscovery.ModDiscoverer/SCAN]: Found mod file "neoforge-21.0.42-beta-universal.jar" [locator: PathBasedLocator[name=neoforge, paths=[libraries\net\neoforged\neoforge\21.0.42-beta\neoforge-21.0.42-beta-universal.jar]], reader: mod manifest]
[30jun2024 02:10:24.955] [main/INFO] [net.neoforged.fml.loading.moddiscovery.ModDiscoverer/SCAN]: Found mod file "adorabuild-structures-2.6.2-neoforge-1.21.jar" [locator: {mods folder locator at C:\Users\italo\OneDrive\Escritorio\Italo\Minecraft\Server\mods}, reader: mod manifest]
[30jun2024 02:10:24.968] [main/INFO] [net.neoforged.fml.loading.moddiscovery.ModDiscoverer/SCAN]: Found mod file "bagus_lib-1.21-11.0.1.jar" [locator: {mods folder locator at C:\Users\italo\OneDrive\Escritorio\Italo\Minecraft\Server\mods}, reader: mod manifest]
[30jun2024 02:10:24.978] [main/INFO] [net.neoforged.fml.loading.moddiscovery.ModDiscoverer/SCAN]: Found mod file "balm-neoforge-1.21-21.0.7-all.jar" [locator: {mods folder locator at C:\Users\italo\OneDrive\Escritorio\Italo\Minecraft\Server\mods}, reader: mod manifest]
[30jun2024 02:10:24.993] [main/INFO] [net.neoforged.fml.loading.moddiscovery.ModDiscoverer/SCAN]: Found mod file "BiomesOPlenty-neoforge-1.21-21.0.0.7.jar" [locator: {mods folder locator at C:\Users\italo\OneDrive\Escritorio\Italo\Minecraft\Server\mods}, reader: mod manifest]
[30jun2024 02:10:25.009] [main/INFO] [net.neoforged.fml.loading.moddiscovery.ModDiscoverer/SCAN]: Found mod file "configured-neoforge-1.21-2.5.0.jar" [locator: {mods folder locator at C:\Users\italo\OneDrive\Escritorio\Italo\Minecraft\Server\mods}, reader: mod manifest]
[30jun2024 02:10:25.019] [main/INFO] [net.neoforged.fml.loading.moddiscovery.ModDiscoverer/SCAN]: Found mod file "DarkestSouls-Neoforge1.21-v1.1.0.4c.jar" [locator: {mods folder locator at C:\Users\italo\OneDrive\Escritorio\Italo\Minecraft\Server\mods}, reader: mod manifest]
[30jun2024 02:10:25.029] [main/INFO] [net.neoforged.fml.loading.moddiscovery.ModDiscoverer/SCAN]: Found mod file "embeddium-1.0.1+mc1.21.jar" [locator: {mods folder locator at C:\Users\italo\OneDrive\Escritorio\Italo\Minecraft\Server\mods}, reader: mod manifest]
[30jun2024 02:10:25.038] [main/INFO] [net.neoforged.fml.loading.moddiscovery.ModDiscoverer/SCAN]: Found mod file "enchantwithmob-1.21-18.5.0.jar" [locator: {mods folder locator at C:\Users\italo\OneDrive\Escritorio\Italo\Minecraft\Server\mods}, reader: mod manifest]
[30jun2024 02:10:25.049] [main/INFO] [net.neoforged.fml.loading.moddiscovery.ModDiscoverer/SCAN]: Found mod file "energizedpower-1.21-2.11.3-neoforge.jar" [locator: {mods folder locator at C:\Users\italo\OneDrive\Escritorio\Italo\Minecraft\Server\mods}, reader: mod manifest]
[30jun2024 02:10:25.056] [main/INFO] [net.neoforged.fml.loading.moddiscovery.ModDiscoverer/SCAN]: Found mod file "entityculling-neoforge-1.6.6-mc1.21.jar" [locator: {mods folder locator at C:\Users\italo\OneDrive\Escritorio\Italo\Minecraft\Server\mods}, reader: mod manifest]
[30jun2024 02:10:25.062] [main/INFO] [net.neoforged.fml.loading.moddiscovery.ModDiscoverer/SCAN]: Found mod file "Explorify v1.6.1 f10-48.jar" [locator: {mods folder locator at C:\Users\italo\OneDrive\Escritorio\Italo\Minecraft\Server\mods}, reader: mod manifest]
[30jun2024 02:10:25.071] [main/INFO] [net.neoforged.fml.loading.moddiscovery.ModDiscoverer/SCAN]: Found mod file "fallingleaves-1.21-2.4.0-beta.1.jar" [locator: {mods folder locator at C:\Users\italo\OneDrive\Escritorio\Italo\Minecraft\Server\mods}, reader: mod manifest]
[30jun2024 02:10:25.096] [main/INFO] [net.neoforged.fml.loading.moddiscovery.ModDiscoverer/SCAN]: Found mod file "ferritecore-7.0.0-neoforge.jar" [locator: {mods folder locator at C:\Users\italo\OneDrive\Escritorio\Italo\Minecraft\Server\mods}, reader: mod manifest]
[30jun2024 02:10:25.105] [main/INFO] [net.neoforged.fml.loading.moddiscovery.ModDiscoverer/SCAN]: Found mod file "geckolib-neoforge-1.21-4.5.6.jar" [locator: {mods folder locator at C:\Users\italo\OneDrive\Escritorio\Italo\Minecraft\Server\mods}, reader: mod manifest]
[30jun2024 02:10:25.112] [main/INFO] [net.neoforged.fml.loading.moddiscovery.ModDiscoverer/SCAN]: Found mod file "GlitchCore-neoforge-1.21-2.0.0.1.jar" [locator: {mods folder locator at C:\Users\italo\OneDrive\Escritorio\Italo\Minecraft\Server\mods}, reader: mod manifest]
[30jun2024 02:10:25.118] [main/INFO] [net.neoforged.fml.loading.moddiscovery.ModDiscoverer/SCAN]: Found mod file "hunters_return-1.21-17.0.1.jar" [locator: {mods folder locator at C:\Users\italo\OneDrive\Escritorio\Italo\Minecraft\Server\mods}, reader: mod manifest]
[30jun2024 02:10:25.131] [main/INFO] [net.neoforged.fml.loading.moddiscovery.ModDiscoverer/SCAN]: Found mod file "jei-1.21-neoforge-19.0.0.11.jar" [locator: {mods folder locator at C:\Users\italo\OneDrive\Escritorio\Italo\Minecraft\Server\mods}, reader: mod manifest]
[30jun2024 02:10:25.140] [main/INFO] [net.neoforged.fml.loading.moddiscovery.ModDiscoverer/SCAN]: Found mod file "mcw-bridges-3.0.0-mc1.21neoforge.jar" [locator: {mods folder locator at C:\Users\italo\OneDrive\Escritorio\Italo\Minecraft\Server\mods}, reader: mod manifest]
[30jun2024 02:10:25.153] [main/INFO] [net.neoforged.fml.loading.moddiscovery.ModDiscoverer/SCAN]: Found mod file "mcw-doors-1.1.1neoforge-mc1.21.jar" [locator: {mods folder locator at C:\Users\italo\OneDrive\Escritorio\Italo\Minecraft\Server\mods}, reader: mod manifest]
[30jun2024 02:10:25.163] [main/INFO] [net.neoforged.fml.loading.moddiscovery.ModDiscoverer/SCAN]: Found mod file "mcw-fences-1.1.2-mc1.21neoforge.jar" [locator: {mods folder locator at C:\Users\italo\OneDrive\Escritorio\Italo\Minecraft\Server\mods}, reader: mod manifest]
[30jun2024 02:10:25.171] [main/INFO] [net.neoforged.fml.loading.moddiscovery.ModDiscoverer/SCAN]: Found mod file "mcw-lights-1.1.0-mc1.21neoforge.jar" [locator: {mods folder locator at C:\Users\italo\OneDrive\Escritorio\Italo\Minecraft\Server\mods}, reader: mod manifest]
[30jun2024 02:10:25.180] [main/INFO] [net.neoforged.fml.loading.moddiscovery.ModDiscoverer/SCAN]: Found mod file "mcw-paths-1.0.5neoforge-mc1.21.jar" [locator: {mods folder locator at C:\Users\italo\OneDrive\Escritorio\Italo\Minecraft\Server\mods}, reader: mod manifest]
[30jun2024 02:10:25.191] [main/INFO] [net.neoforged.fml.loading.moddiscovery.ModDiscoverer/SCAN]: Found mod file "mcw-trapdoors-1.1.3-mc1.21neoforge.jar" [locator: {mods folder locator at C:\Users\italo\OneDrive\Escritorio\Italo\Minecraft\Server\mods}, reader: mod manifest]
[30jun2024 02:10:25.199] [main/INFO] [net.neoforged.fml.loading.moddiscovery.ModDiscoverer/SCAN]: Found mod file "neo_medieval_buildings-1.0.2-1.21.jar" [locator: {mods folder locator at C:\Users\italo\OneDrive\Escritorio\Italo\Minecraft\Server\mods}, reader: mod manifest]
[30jun2024 02:10:25.210] [main/INFO] [net.neoforged.fml.loading.moddiscovery.ModDiscoverer/SCAN]: Found mod file "repurposed_structures-7.5.3+1.21-neoforge.jar" [locator: {mods folder locator at C:\Users\italo\OneDrive\Escritorio\Italo\Minecraft\Server\mods}, reader: mod manifest]
[30jun2024 02:10:25.219] [main/INFO] [net.neoforged.fml.loading.moddiscovery.ModDiscoverer/SCAN]: Found mod file "resourcefulconfig-neoforge-1.21-3.0.2.jar" [locator: {mods folder locator at C:\Users\italo\OneDrive\Escritorio\Italo\Minecraft\Server\mods}, reader: mod manifest]
[30jun2024 02:10:25.227] [main/INFO] [net.neoforged.fml.loading.moddiscovery.ModDiscoverer/SCAN]: Found mod file "Rex's-AdditionalStructures-1.21-(v.6.0.0).jar" [locator: {mods folder locator at C:\Users\italo\OneDrive\Escritorio\Italo\Minecraft\Server\mods}, reader: mod manifest]
[30jun2024 02:10:25.234] [main/INFO] [net.neoforged.fml.loading.moddiscovery.ModDiscoverer/SCAN]: Found mod file "SereneSeasons-neoforge-1.21-10.0.0.2.jar" [locator: {mods folder locator at C:\Users\italo\OneDrive\Escritorio\Italo\Minecraft\Server\mods}, reader: mod manifest]
[30jun2024 02:10:25.243] [main/INFO] [net.neoforged.fml.loading.moddiscovery.ModDiscoverer/SCAN]: Found mod file "Structory_1.21_v1.3.5.jar" [locator: {mods folder locator at C:\Users\italo\OneDrive\Escritorio\Italo\Minecraft\Server\mods}, reader: mod manifest]
[30jun2024 02:10:25.249] [main/INFO] [net.neoforged.fml.loading.moddiscovery.ModDiscoverer/SCAN]: Found mod file "TerraBlender-neoforge-1.21-4.0.0.1.jar" [locator: {mods folder locator at C:\Users\italo\OneDrive\Escritorio\Italo\Minecraft\Server\mods}, reader: mod manifest]
[30jun2024 02:10:25.257] [main/INFO] [net.neoforged.fml.loading.moddiscovery.ModDiscoverer/SCAN]: Found mod file "Xaeros_Minimap_24.2.1_NeoForge_1.21.jar" [locator: {mods folder locator at C:\Users\italo\OneDrive\Escritorio\Italo\Minecraft\Server\mods}, reader: mod manifest]
[30jun2024 02:10:25.483] [main/INFO] [net.neoforged.fml.loading.moddiscovery.locators.JarInJarDependencyLocator/]: Found 2 dependencies adding them to mods collection
[30jun2024 02:10:25.484] [main/INFO] [net.neoforged.fml.loading.moddiscovery.ModDiscoverer/SCAN]: Found mod file "kuma-api-neoforge-21.0.4+1.21.jar" [parent: balm-neoforge-1.21-21.0.7-all.jar, locator: jarinjar, reader: mod manifest]
[30jun2024 02:10:25.485] [main/INFO] [net.neoforged.fml.loading.moddiscovery.ModDiscoverer/SCAN]: Found gamelibrary file "mixinextras-neoforge-0.3.5.jar" [parent: neoforge-21.0.42-beta-universal.jar, locator: jarinjar, reader: mod manifest]
[30jun2024 02:10:25.533] [main/ERROR] [net.neoforged.fml.loading.moddiscovery.ModFile/LOADING]: Access transformer file META-INF/accesstransformer.cfg provided by mod bagus_lib does not exist!
[30jun2024 02:10:25.939] [main/INFO] [net.neoforged.fml.loading.FMLServiceProvider/CORE]: Loading coremod script-engine for [xaerominimap, neoforge]
[30jun2024 02:10:29.266] [main/INFO] [mixin/]: Compatibility level set to JAVA_21
[30jun2024 02:10:29.358] [main/INFO] [cpw.mods.modlauncher.LaunchServiceHandler/MODLAUNCHER]: Launching target 'forgeserver' with arguments []
[30jun2024 02:10:29.553] [main/WARN] [mixin/]: Reference map 'kuma_api.refmap.json' for kuma_api.mixins.json could not be read. If this is a development environment you can ignore this message
[30jun2024 02:10:29.554] [main/WARN] [mixin/]: Reference map 'terrablender.refmap.json' for terrablender.mixins.json could not be read. If this is a development environment you can ignore this message
[30jun2024 02:10:29.555] [main/WARN] [mixin/]: Reference map 'terrablender.refmap.json' for terrablender_neoforge.mixins.json could not be read. If this is a development environment you can ignore this message
[30jun2024 02:10:29.557] [main/WARN] [mixin/]: Reference map 'geckolib.refmap.json' for geckolib.mixins.json could not be read. If this is a development environment you can ignore this message
[30jun2024 02:10:29.559] [main/WARN] [mixin/]: Reference map 'entityculling.refmap.mixins.json' for entityculling.mixins.json could not be read. If this is a development environment you can ignore this message
[30jun2024 02:10:29.560] [main/WARN] [mixin/]: Reference map 'bagus_lib.refmap.json' for bagus_lib.mixins.json could not be read. If this is a development environment you can ignore this message
[30jun2024 02:10:29.561] [main/WARN] [mixin/]: Reference map 'glitchcore.refmap.json' for glitchcore.mixins.json could not be read. If this is a development environment you can ignore this message
[30jun2024 02:10:29.562] [main/WARN] [mixin/]: Reference map 'glitchcore.refmap.json' for glitchcore.neoforge.mixins.json could not be read. If this is a development environment you can ignore this message
[30jun2024 02:10:29.563] [main/WARN] [mixin/]: Reference map 'biomesoplenty.refmap.json' for biomesoplenty.mixins.json could not be read. If this is a development environment you can ignore this message
[30jun2024 02:10:29.564] [main/WARN] [mixin/]: Reference map 'biomesoplenty.refmap.json' for biomesoplenty.neoforge.mixins.json could not be read. If this is a development environment you can ignore this message
[30jun2024 02:10:29.565] [main/WARN] [mixin/]: Reference map 'sereneseasons.refmap.json' for sereneseasons.mixins.json could not be read. If this is a development environment you can ignore this message
[30jun2024 02:10:29.566] [main/WARN] [mixin/]: Reference map 'sereneseasons.refmap.json' for sereneseasons.neoforge.mixins.json could not be read. If this is a development environment you can ignore this message
[30jun2024 02:10:29.624] [main/WARN] [mixin/]: Reference map 'ferritecore.refmap.json' for ferritecore.predicates.mixin.json could not be read. If this is a development environment you can ignore this message
[30jun2024 02:10:29.628] [main/WARN] [mixin/]: Reference map 'ferritecore.refmap.json' for ferritecore.fastmap.mixin.json could not be read. If this is a development environment you can ignore this message
[30jun2024 02:10:29.630] [main/WARN] [mixin/]: Reference map 'ferritecore.refmap.json' for ferritecore.mrl.mixin.json could not be read. If this is a development environment you can ignore this message
[30jun2024 02:10:29.632] [main/WARN] [mixin/]: Reference map 'ferritecore.refmap.json' for ferritecore.dedupmultipart.mixin.json could not be read. If this is a development environment you can ignore this message
[30jun2024 02:10:29.635] [main/WARN] [mixin/]: Reference map 'ferritecore.refmap.json' for ferritecore.blockstatecache.mixin.json could not be read. If this is a development environment you can ignore this message
[30jun2024 02:10:29.638] [main/WARN] [mixin/]: Reference map 'ferritecore.refmap.json' for ferritecore.dedupbakedquad.mixin.json could not be read. If this is a development environment you can ignore this message
[30jun2024 02:10:29.640] [main/WARN] [mixin/]: Reference map 'ferritecore.refmap.json' for ferritecore.threaddetec.mixin.json could not be read. If this is a development environment you can ignore this message
[30jun2024 02:10:29.643] [main/WARN] [mixin/]: Reference map 'ferritecore.refmap.json' for ferritecore.modelsides.mixin.json could not be read. If this is a development environment you can ignore this message
[30jun2024 02:10:29.644] [main/WARN] [mixin/]: Reference map 'ferritecore.refmap.json' for ferritecore.accessors.mixin.json could not be read. If this is a development environment you can ignore this message
[30jun2024 02:10:29.644] [main/WARN] [mixin/]: Reference map 'mixins.medieval_buildings.refmap.json' for mixins.medieval_buildings.json could not be read. If this is a development environment you can ignore this message
[30jun2024 02:10:29.645] [main/WARN] [mixin/]: Reference map 'balm.refmap.json' for balm.mixins.json could not be read. If this is a development environment you can ignore this message
[30jun2024 02:10:29.647] [main/WARN] [mixin/]: Reference map 'enchantwithmob.refmap.json' for enchantwithmob.mixins.json could not be read. If this is a development environment you can ignore this message
[30jun2024 02:10:29.683] [main/INFO] [Embeddium/]: Loaded configuration file for Embeddium: 79 options available, 0 override(s) found
[30jun2024 02:10:29.746] [main/WARN] [mixin/]: Reference map 'embeddium-refmap.json' for embeddium.mixins.json could not be read. If this is a development environment you can ignore this message
[30jun2024 02:10:31.116] [main/WARN] [mixin/]: Error loading class: net/minecraft/server/level/ServerPlayer (java.lang.IllegalArgumentException: Unsupported class file major version 66)
[30jun2024 02:10:31.119] [main/WARN] [mixin/]: @Mixin target net.minecraft.server.level.ServerPlayer was not found glitchcore.neoforge.mixins.json:MixinServerPlayer from mod glitchcore
[30jun2024 02:10:31.208] [main/WARN] [mixin/]: Error loading class: net/minecraft/server/MinecraftServer (java.lang.IllegalArgumentException: Unsupported class file major version 66)
[30jun2024 02:10:31.208] [main/WARN] [mixin/]: @Mixin target net.minecraft.server.MinecraftServer was not found balm.neoforge.mixins.json:MinecraftServerMixin from mod balm
[30jun2024 02:10:31.323] [main/WARN] [mixin/]: Error loading class: java/lang/invoke/MethodHandles$Lookup (java.lang.IllegalArgumentException: Unsupported class file major version 66)
[30jun2024 02:10:31.330] [main/WARN] [mixin/]: Error loading class: java/lang/invoke/MethodHandles$Lookup (java.lang.IllegalArgumentException: Unsupported class file major version 66)
[30jun2024 02:10:31.335] [main/WARN] [mixin/]: Error loading class: java/lang/invoke/MethodHandles$Lookup (java.lang.IllegalArgumentException: Unsupported class file major version 66)
[30jun2024 02:10:31.351] [main/WARN] [mixin/]: Error loading class: java/lang/invoke/MethodHandles$Lookup (java.lang.IllegalArgumentException: Unsupported class file major version 66)
[30jun2024 02:10:31.357] [main/WARN] [mixin/]: Error loading class: java/lang/invoke/MethodHandles$Lookup (java.lang.IllegalArgumentException: Unsupported class file major version 66)
[30jun2024 02:10:31.368] [main/WARN] [mixin/]: Error loading class: java/lang/invoke/MethodHandles$Lookup (java.lang.IllegalArgumentException: Unsupported class file major version 66)
[30jun2024 02:10:31.375] [main/WARN] [mixin/]: Error loading class: java/lang/invoke/MethodHandles$Lookup (java.lang.IllegalArgumentException: Unsupported class file major version 66)
[30jun2024 02:10:31.386] [main/WARN] [mixin/]: Error loading class: java/lang/invoke/MethodHandles$Lookup (java.lang.IllegalArgumentException: Unsupported class file major version 66)
[30jun2024 02:10:31.395] [main/WARN] [mixin/]: Error loading class: java/lang/invoke/MethodHandles$Lookup (java.lang.IllegalArgumentException: Unsupported class file major version 66)
